
> @playform/inline@0.0.2 prepublishOnly D:\Developer\Application\Playform\NPM\Inline
> Build 'Source/**/*.ts'


  Target\Function\Integration.js  1.2kb
  Target\Variable\Option.js       384b 
  Target\Function\Merge.js         93b 
  Target\Variable\Critters.js      88b 
  Target\Interface\Critters.js      0b 
  ...and 4 more output files...

⚡ Done in 23ms

  Target/Function/Integration.js ──── 1.2kb ─ 100.0%
   └ Source/Function/Integration.ts ─ 1.1kb ── 95.1%

  Target/Variable/Option.js ───────── 384b ── 100.0%
   └ Source/Variable/Option.ts ────── 362b ─── 94.3%

  Target/Function/Merge.js ─────────── 93b ── 100.0%
   └ Source/Function/Merge.ts ──────── 71b ─── 76.3%

  Target/Variable/Critters.js ──────── 88b ── 100.0%
   └ Source/Variable/Critters.ts ───── 66b ─── 75.0%

  Target/Interface/Critters.js ──────── 0b ── 100.0%

  Target/Interface/Integration.js ───── 0b ── 100.0%

  Target/Interface/Logger.js ────────── 0b ── 100.0%

  Target/Interface/Merge.js ─────────── 0b ── 100.0%

  Target/Interface/Option.js ────────── 0b ── 100.0%

Source/Function/Integration.ts(51,14): error TS7006: Parameter '_URL' implicitly has an 'any' type.

Source/Variable/Option.ts(10,19): error TS7006: Parameter 'On' implicitly has an 'any' type.
Source/Variable/Option.ts(11,24): error TS7031: Binding element 'File' implicitly has an 'any' type.

